\BOOKMARK [0][-]{chapter.1}{\376\377\0001\000\040\000R\000E\000A\000D\000M\000E}{}% 1
\BOOKMARK [0][-]{chapter.2}{\376\377\0002\000\040\000\315\000n\000d\000i\000c\000e\000\040\000d\000o\000s\000\040\000A\000r\000q\000u\000i\000v\000o\000s}{}% 2
\BOOKMARK [1][-]{section.2.1}{\376\377\0002\000.\0001\000\040\000L\000i\000s\000t\000a\000\040\000d\000e\000\040\000A\000r\000q\000u\000i\000v\000o\000s}{chapter.2}% 3
\BOOKMARK [0][-]{chapter.3}{\376\377\0003\000\040\000A\000r\000q\000u\000i\000v\000o\000s}{}% 4
\BOOKMARK [1][-]{section.3.1}{\376\377\0003\000.\0001\000\040\000R\000e\000f\000e\000r\000\352\000n\000c\000i\000a\000\040\000d\000o\000\040\000A\000r\000q\000u\000i\000v\000o\000\040\000i\000n\000c\000l\000u\000d\000e\000/\000r\000e\000a\000d\000e\000r\000.\000h\000p\000p}{chapter.3}% 5
\BOOKMARK [2][-]{subsection.3.1.1}{\376\377\0003\000.\0001\000.\0001\000\040\000D\000e\000s\000c\000r\000i\000\347\000\343\000o\000\040\000d\000e\000t\000a\000l\000h\000a\000d\000a}{section.3.1}% 6
\BOOKMARK [2][-]{subsection.3.1.2}{\376\377\0003\000.\0001\000.\0002\000\040\000F\000u\000n\000\347\000\365\000e\000s}{section.3.1}% 7
\BOOKMARK [3][-]{subsubsection.3.1.2.1}{\376\377\0003\000.\0001\000.\0002\000.\0001\000\040\000c\000o\000u\000n\000t\000\137\000c\000o\000m\000e\000n\000t\000\050\000\051}{subsection.3.1.2}% 8
\BOOKMARK [3][-]{subsubsection.3.1.2.2}{\376\377\0003\000.\0001\000.\0002\000.\0002\000\040\000c\000o\000u\000n\000t\000\137\000d\000o\000c\000\137\000l\000i\000n\000e\000s\000\050\000\051}{subsection.3.1.2}% 9
\BOOKMARK [3][-]{subsubsection.3.1.2.3}{\376\377\0003\000.\0001\000.\0002\000.\0003\000\040\000r\000e\000a\000d\000d\000o\000c\000\050\000\051}{subsection.3.1.2}% 10
\BOOKMARK [1][-]{section.3.2}{\376\377\0003\000.\0002\000\040\000R\000e\000f\000e\000r\000\352\000n\000c\000i\000a\000\040\000d\000o\000\040\000A\000r\000q\000u\000i\000v\000o\000\040\000S\000o\000u\000r\000c\000e\000/\000P\000r\000i\000n\000c\000i\000p\000a\000l\000.\000c\000p\000p}{chapter.3}% 11
\BOOKMARK [2][-]{subsection.3.2.1}{\376\377\0003\000.\0002\000.\0001\000\040\000D\000e\000s\000c\000r\000i\000\347\000\343\000o\000\040\000d\000e\000t\000a\000l\000h\000a\000d\000a}{section.3.2}% 12
\BOOKMARK [2][-]{subsection.3.2.2}{\376\377\0003\000.\0002\000.\0002\000\040\000F\000u\000n\000\347\000\365\000e\000s}{section.3.2}% 13
\BOOKMARK [3][-]{subsubsection.3.2.2.1}{\376\377\0003\000.\0002\000.\0002\000.\0001\000\040\000m\000a\000i\000n\000\050\000\051}{subsection.3.2.2}% 14
\BOOKMARK [1][-]{section.3.3}{\376\377\0003\000.\0003\000\040\000R\000e\000f\000e\000r\000\352\000n\000c\000i\000a\000\040\000d\000o\000\040\000A\000r\000q\000u\000i\000v\000o\000\040\000S\000o\000u\000r\000c\000e\000/\000r\000e\000a\000d\000e\000r\000.\000c\000p\000p}{chapter.3}% 15
\BOOKMARK [2][-]{subsection.3.3.1}{\376\377\0003\000.\0003\000.\0001\000\040\000D\000e\000s\000c\000r\000i\000\347\000\343\000o\000\040\000d\000e\000t\000a\000l\000h\000a\000d\000a}{section.3.3}% 16
\BOOKMARK [2][-]{subsection.3.3.2}{\376\377\0003\000.\0003\000.\0002\000\040\000F\000u\000n\000\347\000\365\000e\000s}{section.3.3}% 17
\BOOKMARK [3][-]{subsubsection.3.3.2.1}{\376\377\0003\000.\0003\000.\0002\000.\0001\000\040\000c\000o\000u\000n\000t\000\137\000c\000o\000m\000e\000n\000t\000\050\000\051}{subsection.3.3.2}% 18
\BOOKMARK [3][-]{subsubsection.3.3.2.2}{\376\377\0003\000.\0003\000.\0002\000.\0002\000\040\000c\000o\000u\000n\000t\000\137\000d\000o\000c\000\137\000l\000i\000n\000e\000s\000\050\000\051}{subsection.3.3.2}% 19
\BOOKMARK [3][-]{subsubsection.3.3.2.3}{\376\377\0003\000.\0003\000.\0002\000.\0003\000\040\000r\000e\000a\000d\000d\000o\000c\000\050\000\051}{subsection.3.3.2}% 20
\BOOKMARK [1][-]{section.3.4}{\376\377\0003\000.\0004\000\040\000R\000e\000f\000e\000r\000\352\000n\000c\000i\000a\000\040\000d\000o\000\040\000A\000r\000q\000u\000i\000v\000o\000\040\000T\000e\000s\000t\000/\000T\000e\000s\000t\000\137\000r\000e\000a\000d\000e\000r\000.\000c\000p\000p}{chapter.3}% 21
\BOOKMARK [2][-]{subsection.3.4.1}{\376\377\0003\000.\0004\000.\0001\000\040\000D\000e\000s\000c\000r\000i\000\347\000\343\000o\000\040\000d\000e\000t\000a\000l\000h\000a\000d\000a}{section.3.4}% 22
\BOOKMARK [0][-]{section*.6}{\376\377\000S\000u\000m\000\341\000r\000i\000o}{}% 23
